


ARM Macro Assembler    Page 1 


    1 00000000         
    2 00000000         
    3 00000000                 AREA             asm_functions, CODE, READONLY
    4 00000000                 EXPORT           ASM_funct
    5 00000000         ASM_funct
    6 00000000         ; save current SP for a faster access 
    7 00000000         ; to parameters in the stack
    8 00000000 46EC            MOV              r12, sp
    9 00000002         ; save volatile registers
   10 00000002 E92D 4DF0       STMFD            sp!,{r4-r8,r10-r11,lr}
   11 00000006         ; extract argument 4 and 5 into R4 and R5
   12 00000006 F8DC 4000       LDR              r4, [r12]
   13 0000000A F8DC 5004       LDR              r5, [r12,#4]
   14 0000000E         
   15 0000000E 4425            add              r5, r4, r5
   16 00000010         ; setup a value for R0 to return
   17 00000010         
   18 00000010 4628            MOV              r0, r5
   19 00000012         ; restore volatile registers
   20 00000012 E8BD 8DF0       LDMFD            sp!,{r4-r8,r10-r11,pc}
   21 00000016         
   22 00000016                 END
Command Line: --debug --xref --diag_suppress=9931 --cpu=Cortex-M3 --apcs=interw
ork --depend=.\asm_funct.d -o.\asm_funct.o -I.\RTE\_Target_1 -IC:\Users\ernesto
\AppData\Local\Arm\Packs\ARM\CMSIS\5.6.0\CMSIS\Core\Include -IC:\Users\ernesto\
AppData\Local\Arm\Packs\Keil\LPC1700_DFP\2.6.0\Device\Include --predefine="__EV
AL SETA 1" --predefine="__UVISION_VERSION SETA 529" --predefine="_RTE_ SETA 1" 
--predefine="LPC175x_6x SETA 1" --list=.\asm_funct.lst ASM_funct.s



ARM Macro Assembler    Page 1 Alphabetic symbol ordering
Relocatable symbols

ASM_funct 00000000

Symbol: ASM_funct
   Definitions
      At line 5 in file ASM_funct.s
   Uses
      At line 4 in file ASM_funct.s
Comment: ASM_funct used once
asm_functions 00000000

Symbol: asm_functions
   Definitions
      At line 3 in file ASM_funct.s
   Uses
      None
Comment: asm_functions unused
2 symbols
336 symbols in table
